Added Component: Designator=C1(RAD-0.3)
Added Component: Designator=C2(RB7.6-15)
Added Component: Designator=C3(RB7.6-15)
Added Component: Designator=C4(RAD-0.3)
Added Component: Designator=C5(RAD-0.3)
Added Component: Designator=C6(RAD-0.3)
Added Component: Designator=P1(BNC_RA CON)
Added Component: Designator=P2(BNC_RA CON)
Added Component: Designator=P3(HDR1X3H)
Added Component: Designator=R1(AXIAL-0.3)
Added Component: Designator=R2(AXIAL-0.3)
Added Component: Designator=R3(J1-0603)
Added Component: Designator=R4(AXIAL-0.3)
Added Component: Designator=U1(H-08A)
Added Pin To Net: NetName=+12VDC Pin=C3-1
Added Pin To Net: NetName=+12VDC Pin=C4-1
Added Pin To Net: NetName=+12VDC Pin=C6-1
Added Pin To Net: NetName=+12VDC Pin=P3-1
Added Pin To Net: NetName=+12VDC Pin=U1-7
Added Net: Name=+12VDC
Added Pin To Net: NetName=-12VDC Pin=C1-1
Added Pin To Net: NetName=-12VDC Pin=C2-2
Added Pin To Net: NetName=-12VDC Pin=C5-2
Added Pin To Net: NetName=-12VDC Pin=P3-3
Added Pin To Net: NetName=-12VDC Pin=U1-4
Added Net: Name=-12VDC
Added Pin To Net: NetName=GND Pin=C1-2
Added Pin To Net: NetName=GND Pin=C2-1
Added Pin To Net: NetName=GND Pin=C3-2
Added Pin To Net: NetName=GND Pin=C4-2
Added Pin To Net: NetName=GND Pin=C5-1
Added Pin To Net: NetName=GND Pin=C6-2
Added Pin To Net: NetName=GND Pin=P1-2
Added Pin To Net: NetName=GND Pin=P1-2
Added Pin To Net: NetName=GND Pin=P1-2
Added Pin To Net: NetName=GND Pin=P2-2
Added Pin To Net: NetName=GND Pin=P2-2
Added Pin To Net: NetName=GND Pin=P2-2
Added Pin To Net: NetName=GND Pin=P3-2
Added Pin To Net: NetName=GND Pin=R4-1
Added Net: Name=GND
Added Pin To Net: NetName=INPUT Pin=P1-1
Added Pin To Net: NetName=INPUT Pin=R2-1
Added Net: Name=INPUT
Added Pin To Net: NetName=NetP2_1 Pin=P2-1
Added Pin To Net: NetName=NetP2_1 Pin=R3-2
Added Net: Name=NetP2_1
Added Pin To Net: NetName=NetR1_1 Pin=R1-1
Added Pin To Net: NetName=NetR1_1 Pin=R2-2
Added Pin To Net: NetName=NetR1_1 Pin=U1-2
Added Net: Name=NetR1_1
Added Pin To Net: NetName=NetR1_2 Pin=R1-2
Added Pin To Net: NetName=NetR1_2 Pin=R3-1
Added Pin To Net: NetName=NetR1_2 Pin=U1-6
Added Net: Name=NetR1_2
Added Pin To Net: NetName=NetR4_2 Pin=R4-2
Added Pin To Net: NetName=NetR4_2 Pin=U1-3
Added Net: Name=NetR4_2
Added Class: Name=dummyschematicfile
Added Room: Name=dummyschematicfile
